# TLS secrets log file, generated by OpenSSL / Python
SERVER_HANDSHAKE_TRAFFIC_SECRET 3b91abcbe0031848c8d3561ecc8b1bc5f2b1b72faf0ca3b42ea669620ed500a1 b2fb15256fef3bf9f5fb1530995fde0bcb00d71f069df5c94d88f007615b5f080e2676bc25f34e35c5806ee3c318c89c
EXPORTER_SECRET 3b91abcbe0031848c8d3561ecc8b1bc5f2b1b72faf0ca3b42ea669620ed500a1 cd07e1c0ef6570459013372fa5b24fbf327401bfbbd5ad21ad761c8034a2298138d706d95cdc9e323d4770238be951ae
SERVER_TRAFFIC_SECRET_0 3b91abcbe0031848c8d3561ecc8b1bc5f2b1b72faf0ca3b42ea669620ed500a1 1beb3769d7315fbcbb0f2bb6a24935ba116d0eb6148e7719b4d0e392dff4e35cae7fe802fe9d52994907ae0c8ce57501
CLIENT_HANDSHAKE_TRAFFIC_SECRET 3b91abcbe0031848c8d3561ecc8b1bc5f2b1b72faf0ca3b42ea669620ed500a1 274f7bac5172b9e2cb7949ad34e05dda75bcf0ce2844a0c08c251558f797de4fc2d993e7f54607590450fcd4d9dcb773
CLIENT_TRAFFIC_SECRET_0 3b91abcbe0031848c8d3561ecc8b1bc5f2b1b72faf0ca3b42ea669620ed500a1 996d6c6c2326810eb4809dc553461143fc0cb3b9aebf9a03d1d206985051cbe45b023e9498fa7f1ec1e7e244b2622967
# TLS secrets log file, generated by OpenSSL / Python
SERVER_HANDSHAKE_TRAFFIC_SECRET 8c8e8341d5d1381e105ecef79a954679fc9aee4271cb7cd127510ff35ecb7516 b4cd46b3883fd08ca4060b266ec637119d41c5129fe1726f0dc83cad502211ad0a0fc76ac952914e51de511246406d23
EXPORTER_SECRET 8c8e8341d5d1381e105ecef79a954679fc9aee4271cb7cd127510ff35ecb7516 9f36f4548a3f2574d662e71f13fd8df8f190783ba68dfa761e6a666c64617e32fb6f84c3434e254070d8bdb18cb92ab8
SERVER_TRAFFIC_SECRET_0 8c8e8341d5d1381e105ecef79a954679fc9aee4271cb7cd127510ff35ecb7516 19d42c223672b09fd59a2b87919f1aa502383c5f41ff5ce5f7d24f10a55ffd74d5cf0ce2e19adad2fe72a27ebe167652
CLIENT_HANDSHAKE_TRAFFIC_SECRET 8c8e8341d5d1381e105ecef79a954679fc9aee4271cb7cd127510ff35ecb7516 67b2accae0becd65e3b3f1274d33fdf2e02191ae9591c2c6eb2c1008f7f54ccf15fab0091024d813ec4f492f3df52f61
CLIENT_TRAFFIC_SECRET_0 8c8e8341d5d1381e105ecef79a954679fc9aee4271cb7cd127510ff35ecb7516 7054d8ee7867a670a0504d664538dbe6facb996308f2a4c32b7a2a2c147d3a742caa087a470951a75368fff0d0333fff
# TLS secrets log file, generated by OpenSSL / Python
SERVER_HANDSHAKE_TRAFFIC_SECRET 713a9de2f70a1baa1c2fff3c346bd95a22e6081fb4442261cde1af09ca1a8e80 376a7a30f95740ba8b25c6da1ef271b0691c5a48683b86e620899c2bfca7c67888f568a3e500a43e05c5fb918766179c
EXPORTER_SECRET 713a9de2f70a1baa1c2fff3c346bd95a22e6081fb4442261cde1af09ca1a8e80 be219ebb1446ae721e8a073c49573ae99b943fc75fa4b9b8e9450e405e14ef54156339603b2592636f3d7e100eb77d3c
SERVER_TRAFFIC_SECRET_0 713a9de2f70a1baa1c2fff3c346bd95a22e6081fb4442261cde1af09ca1a8e80 defb02ee4956810769eb871a1c2411c133ab592ae9fed4c9700022de9c9be02bdab55f45fb72a9952139c03495feddc3
CLIENT_HANDSHAKE_TRAFFIC_SECRET 713a9de2f70a1baa1c2fff3c346bd95a22e6081fb4442261cde1af09ca1a8e80 e949b13808124959ead3f48f965c5c572f8b7b98527a56d0fd4e8b04830af898ab597f40dfeadc8f6927d84be1b1c25b
CLIENT_TRAFFIC_SECRET_0 713a9de2f70a1baa1c2fff3c346bd95a22e6081fb4442261cde1af09ca1a8e80 d6ec249e14e228322bb497311c9f2a3a434b33732491a308d82b9871801bee5cd4778e77791f941ce99ec78fc3871364
# TLS secrets log file, generated by OpenSSL / Python
SERVER_HANDSHAKE_TRAFFIC_SECRET e92a3944fc4d38c5c369e0725399e344c6c6e8357125a88d2ea44630da5d03a1 1bcc33f17584854899fc5898122b2666102e5c96d169dbec1462994d6f4d76744d0d3fa5eace25d9ea4c06a0723b2ec7
EXPORTER_SECRET e92a3944fc4d38c5c369e0725399e344c6c6e8357125a88d2ea44630da5d03a1 727dc813bee224331ada83423c89d81d006fb35bec664fbc0b17eaddfd69fce4f744c8fa6c20f81d99bcb0b8ec703418
SERVER_TRAFFIC_SECRET_0 e92a3944fc4d38c5c369e0725399e344c6c6e8357125a88d2ea44630da5d03a1 7fa3f0ff585d83621579b2e2cacecb7fa559ab361033e77356207e152a083f2562cc3378265800a831b9ca968d9695c3
CLIENT_HANDSHAKE_TRAFFIC_SECRET e92a3944fc4d38c5c369e0725399e344c6c6e8357125a88d2ea44630da5d03a1 cc76ddcf9f876cce21baa16be9815a6f524f276f99078f5c9416b649924f9737c8e15428448a0b949239204816fb9ada
CLIENT_TRAFFIC_SECRET_0 e92a3944fc4d38c5c369e0725399e344c6c6e8357125a88d2ea44630da5d03a1 3d117c991f8d33f661412cea9bcc0c7a8573c74f0c2b8ed55ab0538bde0e0737358a2564a843768683900b605746156a
# TLS secrets log file, generated by OpenSSL / Python
SERVER_HANDSHAKE_TRAFFIC_SECRET adcd1ce8a173c9a60ba78697671ae343f47902e4d395ae5b33dfc3179cc91b7e de54b8c88b9b105f470a17388e84bfbc6019ed04987e1ffa34ba241da5571898eb7310c634f80cc5a922997b82eef645
EXPORTER_SECRET adcd1ce8a173c9a60ba78697671ae343f47902e4d395ae5b33dfc3179cc91b7e 0e628b11e7c13e4f5246b2557e35943dfe5a5f647cd81115d0639e801b92a3a0eb890681cce4203735daf7fd0d72c721
SERVER_TRAFFIC_SECRET_0 adcd1ce8a173c9a60ba78697671ae343f47902e4d395ae5b33dfc3179cc91b7e 57c582e65fe46960acd7c4bb2bd2fa1f422292abde9b7e5ac658597248a8086fac6140ceb65145b33a751b4ec94d3d9c
CLIENT_HANDSHAKE_TRAFFIC_SECRET adcd1ce8a173c9a60ba78697671ae343f47902e4d395ae5b33dfc3179cc91b7e bfba203b373552995c5d643675ea036f21acf04e04789cc9fd3fbe8c57a162513cbe0a8bd9b6006961864e84e9709387
CLIENT_TRAFFIC_SECRET_0 adcd1ce8a173c9a60ba78697671ae343f47902e4d395ae5b33dfc3179cc91b7e 027cb6638afbbc8f26b116d700c3774d73159534af23268fe3110b0a89c9b34e9526161eafd52e69e9e9f5b9be3918e6
# TLS secrets log file, generated by OpenSSL / Python
SERVER_HANDSHAKE_TRAFFIC_SECRET ce12c4b76ca8399d5b5c3aca1a576c4ef0ba11e2de7b3a12e57a365726ba9e2e 27f5a7dbddaae0ed7fbd49be8d0a62075259ceb0d547cbbf5cea32580a6ccd64efb1b57e31eedc17fb85c700a3e59d3b
EXPORTER_SECRET ce12c4b76ca8399d5b5c3aca1a576c4ef0ba11e2de7b3a12e57a365726ba9e2e c2c322be93c0885eda5b64282567de80c717fa570f7da94e67db5e884b151b081d9441800157d163e86c728303232601
SERVER_TRAFFIC_SECRET_0 ce12c4b76ca8399d5b5c3aca1a576c4ef0ba11e2de7b3a12e57a365726ba9e2e 8442e3076471c7f276b18a52ddeacfb85687093bfbe02858df8953f443b8f2542a8e01db21fa9440e4daaea899615862
CLIENT_HANDSHAKE_TRAFFIC_SECRET ce12c4b76ca8399d5b5c3aca1a576c4ef0ba11e2de7b3a12e57a365726ba9e2e 4d4bb463d8d35022337cba0956cf878ffb8cb8c553c5a399dfd8e909730329a27e594847adef65a9732b383eb2f87e72
CLIENT_TRAFFIC_SECRET_0 ce12c4b76ca8399d5b5c3aca1a576c4ef0ba11e2de7b3a12e57a365726ba9e2e 82f1d5512077ad0acdb07083ef76da6a4c51c4c9a941201ebb581d94eddb5e4e2e05c2e55f03a074f68afdd5954c90fa
# TLS secrets log file, generated by OpenSSL / Python
SERVER_HANDSHAKE_TRAFFIC_SECRET f051334c903a617aaf431efe92da3674930d4e7321ac655141add7c605f60d41 1a8d86aa685259f9948db25e49cf77c5a69d72ba96ef9148da2d1038532852b0d6b892979734e4e2ff87c9eb11aabf7a
EXPORTER_SECRET f051334c903a617aaf431efe92da3674930d4e7321ac655141add7c605f60d41 090b3d60d1ebdcd3ed9158df85930ffa880b3a2ab9705d7f07acef2e38d9f4ad93342bdd894fd68d14f7fec0787d8ee1
SERVER_TRAFFIC_SECRET_0 f051334c903a617aaf431efe92da3674930d4e7321ac655141add7c605f60d41 b163074bdeeac55348567097ff1d8e6dfd029031ca6ff2bfaa99666f22932f1439bbf863e1ef98063a9cf7d68e686bdb
CLIENT_HANDSHAKE_TRAFFIC_SECRET f051334c903a617aaf431efe92da3674930d4e7321ac655141add7c605f60d41 2161418a34bc6fc8a53539f12392b43adc4aafb4da739f787d231224b1fd53a2b94505d33c26e56d60ea661272f1d79b
CLIENT_TRAFFIC_SECRET_0 f051334c903a617aaf431efe92da3674930d4e7321ac655141add7c605f60d41 1a785d581663eb92b09e1e8e01cf66397ef7a1d7933d4ed975237df0c04bf6e035299814db5e44198cf08c118dcd9d0d
# TLS secrets log file, generated by OpenSSL / Python
SERVER_HANDSHAKE_TRAFFIC_SECRET e878b3d9fa0a1470988b79295402c1ad57b3534e3d340f5af5a1e9775ce12384 03fd0a77ca80666ecf339ef884067bbc6f24c81994b03798bc4922d6bf9280533a2f1a07e13d846818abcebf7fdbf3d3
EXPORTER_SECRET e878b3d9fa0a1470988b79295402c1ad57b3534e3d340f5af5a1e9775ce12384 73c4a14244692e789c12da59fd48273189eeb2e4c44c777edd64a26e9bada6762ede6f69cde835034a951728ffc8a254
SERVER_TRAFFIC_SECRET_0 e878b3d9fa0a1470988b79295402c1ad57b3534e3d340f5af5a1e9775ce12384 17a2032017dc52500f855ebcd532dcccb5a1d6b45c0aa4245b2546090296d5caf0479f28d6f6101dd2f3556943b73248
CLIENT_HANDSHAKE_TRAFFIC_SECRET e878b3d9fa0a1470988b79295402c1ad57b3534e3d340f5af5a1e9775ce12384 470ef260f2044fb84278e0f4b30ab24bbf4269f073b3eba2784b25b3813f8f46626c71c85e277b06cee309493b0b2c30
CLIENT_TRAFFIC_SECRET_0 e878b3d9fa0a1470988b79295402c1ad57b3534e3d340f5af5a1e9775ce12384 fd10ac3ee8b9d8af6d7c55dd27286fa672a2cc60ca35d396d6cfd09143b5441c74d562306cb0a8d770d83b2d1a4c92da
# TLS secrets log file, generated by OpenSSL / Python
SERVER_HANDSHAKE_TRAFFIC_SECRET 9f2970b012ecea3635ea0d66d17e909e37e1f1b06a0f2811481c8f03f4087198 d4a1ddfcc90690f7a0a43c847a8160c646ccbbc494283a5fa28bdf20f0fe57ab8827412780a4b8bdf1404ac477d4a247
EXPORTER_SECRET 9f2970b012ecea3635ea0d66d17e909e37e1f1b06a0f2811481c8f03f4087198 e14cf836bfe9ac7f46bb53156acfdd9607f59369c5a789c48d3076057753294d26a3953b76e7ea413f8f4748ef3fc75d
SERVER_TRAFFIC_SECRET_0 9f2970b012ecea3635ea0d66d17e909e37e1f1b06a0f2811481c8f03f4087198 4b1f22b0e6f0c69d93a8c772e1e07010bef6e4f277b8bded533ba0b15055b9112f743c926bca9bd9d0c5d205619d0dca
CLIENT_HANDSHAKE_TRAFFIC_SECRET 9f2970b012ecea3635ea0d66d17e909e37e1f1b06a0f2811481c8f03f4087198 84e96366f1c883dd81db1ce413b82ccb93a252a1cd853a6ee93c36a6b78189161f481b2cef45c89e9ae881a97cafd99d
CLIENT_TRAFFIC_SECRET_0 9f2970b012ecea3635ea0d66d17e909e37e1f1b06a0f2811481c8f03f4087198 fb77002fe1f8c8128d02fc83ce8307996f4fddf504d484c2f496cf769cde98ef2f45acde024eb9364954826f4e242018
# TLS secrets log file, generated by OpenSSL / Python
SERVER_HANDSHAKE_TRAFFIC_SECRET 6cce5abb4dc86f287000ec521055dcac45346209b412408bcbd4f85ea3e48c4b 5c7acd4f64fca91b0df152ca460b6331b0dc3b0d63b1d4bfb9c6b9bac95e271422946f8ca36374ed01953777e5e29dd0
EXPORTER_SECRET 6cce5abb4dc86f287000ec521055dcac45346209b412408bcbd4f85ea3e48c4b 5a10481534523f51f22fabd6020fb39d634b8ce099ad3fd42270af61918bb46aa226bd21061d84b79709f1a40d29985b
SERVER_TRAFFIC_SECRET_0 6cce5abb4dc86f287000ec521055dcac45346209b412408bcbd4f85ea3e48c4b 20f731799bef73b0654ad948cdc7e1abb0e76a5531b935fd337cafd30d22a86ae01de8a5140d60353f74dcabe36d0fe1
CLIENT_HANDSHAKE_TRAFFIC_SECRET 6cce5abb4dc86f287000ec521055dcac45346209b412408bcbd4f85ea3e48c4b 79b1e11c52f4e7084ebfd303692a5965d0ae74e542c2eab83f6d0c34cb8e791d74f3a9f4dd694071179a3151b8186f19
CLIENT_TRAFFIC_SECRET_0 6cce5abb4dc86f287000ec521055dcac45346209b412408bcbd4f85ea3e48c4b 4a2f72c23f1daa75e69d635f2fa9b43a1dc1744cfec0e2a57453b13f6c14693a6dcb223bc859227eea5a26f9b9019d93
# TLS secrets log file, generated by OpenSSL / Python
SERVER_HANDSHAKE_TRAFFIC_SECRET 7fa21db7af8c0f71dbecb36197f24882f20024fb6b1bf35530f2c41f1e6a11af 3c1f1b69f0b51f88ba5e391c086f7f888f5161c34e2270b9e47acbc6a5edc05ea142f72352f402bb3f9e86bda896ff32
EXPORTER_SECRET 7fa21db7af8c0f71dbecb36197f24882f20024fb6b1bf35530f2c41f1e6a11af 1302f837fe511fa8d771275c0b14e089ff8376b45ec777af71841ccd497ffa8f444e2f8a24818a5fa053c888bf97d40b
SERVER_TRAFFIC_SECRET_0 7fa21db7af8c0f71dbecb36197f24882f20024fb6b1bf35530f2c41f1e6a11af 9505dbfacf3af07fd1e72ab7cb7700ebfe9eba863520bf44f21381de8449ae4a422e683c83da813673c7fcb1c10314d1
CLIENT_HANDSHAKE_TRAFFIC_SECRET 7fa21db7af8c0f71dbecb36197f24882f20024fb6b1bf35530f2c41f1e6a11af 6a024c6a0a047b578d75b3eda13f11671f991c829950322e5ce9df99142b282f260dfc67ce1d0aad59df8f7d35e0eadc
CLIENT_TRAFFIC_SECRET_0 7fa21db7af8c0f71dbecb36197f24882f20024fb6b1bf35530f2c41f1e6a11af 644013a3aa3525d0eab049c7df091dcc5dd6091f3e9f858ef42417ac30875add31e6dbd0001d7dac6fd192678c9b584e
# TLS secrets log file, generated by OpenSSL / Python
SERVER_HANDSHAKE_TRAFFIC_SECRET 276dc1fcd43e914ecb66610409846c88230fac0ed51595c3585512e1fae09108 c85f9a51abb51e22204b9e5830b9dddb5997d74c794056ed4d7d11f51b0becdbbadb7582e51b6a5e5392109764210bf7
EXPORTER_SECRET 276dc1fcd43e914ecb66610409846c88230fac0ed51595c3585512e1fae09108 a81fc09ade6bb5430852676010842f4ba40788bddc4d4108793321672af71ea2997e09311b1dd1fb3ee93d035eaeb6b3
SERVER_TRAFFIC_SECRET_0 276dc1fcd43e914ecb66610409846c88230fac0ed51595c3585512e1fae09108 37cec199e94294be38309e6df7d4b3ebbe8253e5ac6d18bc144ce2ce48a32f2106e119587622e6f2a61ac616ef6f67e1
CLIENT_HANDSHAKE_TRAFFIC_SECRET 276dc1fcd43e914ecb66610409846c88230fac0ed51595c3585512e1fae09108 3a73513eecbfd31a90bc03e2e1cef8d7d82ac87593693bf1ada267493598ad0d04278669b33b28739ccaeb572e5911cf
CLIENT_TRAFFIC_SECRET_0 276dc1fcd43e914ecb66610409846c88230fac0ed51595c3585512e1fae09108 7ca0a3c47a1859669ad66da589bb7492aa50077e54f2004424c27ff2bdff3422313fc587ecdb1c70c1de4cdd971cbe64
# TLS secrets log file, generated by OpenSSL / Python
SERVER_HANDSHAKE_TRAFFIC_SECRET 25828c2f739e16ce51ee5a8cdd77ac513ff063621cabdd676dd23c9c4e1b20bb b3bb3048d091de5316f184b7e329a38f0e8b97441fdefcb6894d7afb044bd3e89a197b88e0eb98c4cac33244aca79d1c
EXPORTER_SECRET 25828c2f739e16ce51ee5a8cdd77ac513ff063621cabdd676dd23c9c4e1b20bb a8310ddfeadb99b667d1a1789b3545e8d5df1a48b8ad5f82ebd8c18d4e2eaabe7d1018f6bdabe7ed16e8c22a5377bef3
SERVER_TRAFFIC_SECRET_0 25828c2f739e16ce51ee5a8cdd77ac513ff063621cabdd676dd23c9c4e1b20bb bb9317690f40d7c97a33f4a6f43b53c6f1da6b4aefb969c37b8170e2e6845bd29c8c8cf0943f7a217e9f53efe20d8c73
CLIENT_HANDSHAKE_TRAFFIC_SECRET 25828c2f739e16ce51ee5a8cdd77ac513ff063621cabdd676dd23c9c4e1b20bb c07a7fe3ad85ba91f05feddfaeed299e874a65a8055279f1ae8e973f3c116eecf6a0c145b71b30212ed284eeb863f994
CLIENT_TRAFFIC_SECRET_0 25828c2f739e16ce51ee5a8cdd77ac513ff063621cabdd676dd23c9c4e1b20bb 106b8c3acd5890a9cc8c66a2e23193bc9409d39c065eabb2611071a44376b6595e7f02000e29189825674640181661d8
# TLS secrets log file, generated by OpenSSL / Python
SERVER_HANDSHAKE_TRAFFIC_SECRET c28674aaf91dc0b1c20a84f5408404bf3f0897eecf8f326aa6a53eef7b669995 fadba35812f632479ba37515b5da5e1db63739169448ed7e3e6ce9352d78dee9761a34c9f8f0df3afa85254273055221
EXPORTER_SECRET c28674aaf91dc0b1c20a84f5408404bf3f0897eecf8f326aa6a53eef7b669995 0bae1058d084d761fcf19c38b1a1fbd7168b406e6930fd2f58248144b01cb23946e39ca61f902871252ab994f28835d2
SERVER_TRAFFIC_SECRET_0 c28674aaf91dc0b1c20a84f5408404bf3f0897eecf8f326aa6a53eef7b669995 45209863214ddb3f220aef71936d576c223272a44f794735e6ae969c133642a8c03e3b14bcef1cf42814213962c58387
CLIENT_HANDSHAKE_TRAFFIC_SECRET c28674aaf91dc0b1c20a84f5408404bf3f0897eecf8f326aa6a53eef7b669995 c86bb0d1b735c66e828bae501714c977f5efcf4842610d5c73e7a03e48e1e2866c0ef32f4d879ad4387ea3f6b25258ba
CLIENT_TRAFFIC_SECRET_0 c28674aaf91dc0b1c20a84f5408404bf3f0897eecf8f326aa6a53eef7b669995 61f22bf4eab1d231c4c984767b9e15b4955bdcb344a9696adfa27e6fd3e70452a6bed3fb9fb580d51469ff324c046c24
# TLS secrets log file, generated by OpenSSL / Python
SERVER_HANDSHAKE_TRAFFIC_SECRET 0aeec826205cab7c5936821a5124d60819208adacf9dc0687fabad51ef87c89b 26afbb9eef7a250d14ed6ac9a5587ec42e61d3479620bde8e7a2411c22147b45ad9cd6906b14b72e00699c388527baf5
EXPORTER_SECRET 0aeec826205cab7c5936821a5124d60819208adacf9dc0687fabad51ef87c89b 40401d3dd3976457c5dcd843d544d7611ca9ef4a68656fe30aecf0001b1d69ee1f91585870da6807e62583eb554987e7
SERVER_TRAFFIC_SECRET_0 0aeec826205cab7c5936821a5124d60819208adacf9dc0687fabad51ef87c89b 9305156fdea6838de0808124696549a4c14158d9ce5650de87f638d99552e7fc134b1bae0340f62805ea65803124ed6b
CLIENT_HANDSHAKE_TRAFFIC_SECRET 0aeec826205cab7c5936821a5124d60819208adacf9dc0687fabad51ef87c89b ead5e8c01d780f17521838ed7be5f5702d7f698533f07954dbea735f8ca72a006b0955dc96bd20af01036cd8821c4911
CLIENT_TRAFFIC_SECRET_0 0aeec826205cab7c5936821a5124d60819208adacf9dc0687fabad51ef87c89b 560f7f9b249ba15bc074f0276e708bcc9f52298c97eee7010ddf279aa86e6bdbb14986d86ebc25b9564f9eb8d9d20302
# TLS secrets log file, generated by OpenSSL / Python
SERVER_HANDSHAKE_TRAFFIC_SECRET 5a359c6c789f6f38d8da957bbea9e9831cb73ef5c156dc2a83dd4ac712c10a6c b8519034a4bae516892dada506150a1638daa0daa15ee002b14e02fab6a24f263ff1088d6712cc14c308f1f96cdd215b
EXPORTER_SECRET 5a359c6c789f6f38d8da957bbea9e9831cb73ef5c156dc2a83dd4ac712c10a6c dbdf098015d91e42c4a27d0b98ebb0b9408cf57bd21e28bb676fa271c514104110f3f3f486c86a50fc0ef5822e380f75
SERVER_TRAFFIC_SECRET_0 5a359c6c789f6f38d8da957bbea9e9831cb73ef5c156dc2a83dd4ac712c10a6c 28455f0935ebcbdfbda32e3a7fc733b64f633b0078f788d7d07b4dd767763d20555603927db281d0c2993837839b4537
CLIENT_HANDSHAKE_TRAFFIC_SECRET 5a359c6c789f6f38d8da957bbea9e9831cb73ef5c156dc2a83dd4ac712c10a6c 6b78a1c5cc71af02635e198f5cea49338a4c895eed0c342b5963fadb10f2fa2cfd2cd633a0e3fc97aabf5b3e3336cfcd
CLIENT_TRAFFIC_SECRET_0 5a359c6c789f6f38d8da957bbea9e9831cb73ef5c156dc2a83dd4ac712c10a6c 38bcce1ef424c7d3f16940d46af6deb963e1520cdb72facdc352d0763b0b043476d6f1f4ee46b1ac7368337c4da84a06
# TLS secrets log file, generated by OpenSSL / Python
SERVER_HANDSHAKE_TRAFFIC_SECRET f3f4f1a206e74ae76cbb8665750c64f183a68acf40ffd4bae426d3d02d5e9ff4 7c5f6adf8c88cf6f4084672c4ce234d547ca0da6d2270fb3f5438f3ede379225f93557cca0279aa2a1d618884a1c6950
EXPORTER_SECRET f3f4f1a206e74ae76cbb8665750c64f183a68acf40ffd4bae426d3d02d5e9ff4 bf34f0c66b0a706e23ba0ef7f883da4af5be8f86819999a7d70d667c3156b3b90b353ffb16de8aca07b6ba2319ed6ff8
SERVER_TRAFFIC_SECRET_0 f3f4f1a206e74ae76cbb8665750c64f183a68acf40ffd4bae426d3d02d5e9ff4 39a3abfac44686afacd0abc0091db744df06d328df5d13c1c93c75da491f9a6b7cd730d4fefa09dbced822442b72740f
CLIENT_HANDSHAKE_TRAFFIC_SECRET f3f4f1a206e74ae76cbb8665750c64f183a68acf40ffd4bae426d3d02d5e9ff4 6d93f7b3761657a0f31c73023404cd0eb86d95f41f9006a8d462f54c53f4e9f180bfc9fca46b23a628bbc396883556ed
CLIENT_TRAFFIC_SECRET_0 f3f4f1a206e74ae76cbb8665750c64f183a68acf40ffd4bae426d3d02d5e9ff4 396bcf23e79a7e545ab863ff370379bc4ffca183a22173b4f57d4262bb669f054618b31a53eda1ef1737325eb07ffd5e
# TLS secrets log file, generated by OpenSSL / Python
SERVER_HANDSHAKE_TRAFFIC_SECRET 55bcfd496887143b6b444668a6b70b20010e14eeea1b125663214782e24eba59 95783e64365a6e01564a1809234888c75d1d9515ad3acef31ec181ffa7bf94b1b580bf72aedf1132fa8b1fa871e6fbc6
EXPORTER_SECRET 55bcfd496887143b6b444668a6b70b20010e14eeea1b125663214782e24eba59 7ba90e4250480f450c61e215a1d45b9c4306c744695686c25edea774f299ee120ce8a4ab6db9bc6e708f6cba961e01ca
SERVER_TRAFFIC_SECRET_0 55bcfd496887143b6b444668a6b70b20010e14eeea1b125663214782e24eba59 2e6a8f44229999e864083aa77b6ab7c2b0f2323576efa511f85330bf387cae2dded7fb0a15a55c9c122e5c102cbc7926
CLIENT_HANDSHAKE_TRAFFIC_SECRET 55bcfd496887143b6b444668a6b70b20010e14eeea1b125663214782e24eba59 2c8a9da795a0a99f31297414238d7ad12a61d2bcda2421e767f06e4bfe1c6f37f0f4af01deeaa576a62b3f973e9ca818
CLIENT_TRAFFIC_SECRET_0 55bcfd496887143b6b444668a6b70b20010e14eeea1b125663214782e24eba59 4b197e73e01e41d44708149a32d6fcc2651160d86a0ff5359156d433f08dc60b87c32bbcc21e29e6ce4594b25c5679d0
# TLS secrets log file, generated by OpenSSL / Python
SERVER_HANDSHAKE_TRAFFIC_SECRET 48113d8303516d993f24fd8ca423f8369927e6faf7cc27ab6ba2e6dd8b2875bf ae400ada534c3495c612f73ad327c5abed99361b44b8f98af53f35187f1b968003db8c9af21ffb34f647de51727b24ce
EXPORTER_SECRET 48113d8303516d993f24fd8ca423f8369927e6faf7cc27ab6ba2e6dd8b2875bf 42d70ae7b3129c42d6ab523791af14a6f3a1a3b34b62e22ac9c78e60f359258885cafef518d58da3d1863c93525405de
SERVER_TRAFFIC_SECRET_0 48113d8303516d993f24fd8ca423f8369927e6faf7cc27ab6ba2e6dd8b2875bf 649362e8016ffa4c2bf649fe09901d8c175efff60bd6d72b0ea7fb8f372604a5e2e97d467de8092d27b849ade3160015
CLIENT_HANDSHAKE_TRAFFIC_SECRET 48113d8303516d993f24fd8ca423f8369927e6faf7cc27ab6ba2e6dd8b2875bf b0f7c7d63836d0d60c351528ee875ceae23b2f25a2d311786cb6c63198c4f9443082373fb91f80b804efc32cdfa640ed
CLIENT_TRAFFIC_SECRET_0 48113d8303516d993f24fd8ca423f8369927e6faf7cc27ab6ba2e6dd8b2875bf ce29eb580ff9ce8fd74ffb7af8f5d25b74a35f1c7779362674affa3b8e9672821e9d444c34a1178551aa7219b8d95102
# TLS secrets log file, generated by OpenSSL / Python
SERVER_HANDSHAKE_TRAFFIC_SECRET a44ac5499a3c9e500b014a58d1f0b399321659ec7b4796291161de8d6203e83a 35cf94565033432a983b4022678733f8ebea337fd705adc7e654f5dfc747dce8ba75b145ed81150c1fbaff75be38351f
EXPORTER_SECRET a44ac5499a3c9e500b014a58d1f0b399321659ec7b4796291161de8d6203e83a 7ccd7c3c77b7d3ec968ec4812da1c00ca050b93370a01b0b2dcddc08352e2f4e50aec2c2b056f13844503e8ef8d1c8e5
SERVER_TRAFFIC_SECRET_0 a44ac5499a3c9e500b014a58d1f0b399321659ec7b4796291161de8d6203e83a 7f5b1d97cdf4db84db70c4b3be79d20bae2dd745baf597229495d1878d154dd886e3da80cf56b43608bd9edb6cc905e0
CLIENT_HANDSHAKE_TRAFFIC_SECRET a44ac5499a3c9e500b014a58d1f0b399321659ec7b4796291161de8d6203e83a fc467fa8d3f39e7ede724526146c430709b5b4f811afeb3d234a1927284d38ce6adcd64f56d1898ab2c601dca5f67ce2
CLIENT_TRAFFIC_SECRET_0 a44ac5499a3c9e500b014a58d1f0b399321659ec7b4796291161de8d6203e83a eea10d2891f1b51eeb1b02e892a5ac4a60a9fdd89d868817cfa78a42f36404de4334cfeeb6b1aad5ba6ae21df7ddf98c
# TLS secrets log file, generated by OpenSSL / Python
SERVER_HANDSHAKE_TRAFFIC_SECRET be109476e328188acc645883126e338e9988584b61c4806cd94b837d339496a1 6abce9115296ca6fbc7d54aa250394b58aa913df5c62699e533031340ddc0de97421eb433228979633df9581fffc2029
EXPORTER_SECRET be109476e328188acc645883126e338e9988584b61c4806cd94b837d339496a1 98ef7e5a424127e22c3bebedee2f7fcc9597102d0008bdc460b6889afc67b901dbcc9d6ed4f6ed5e10b9f9b5afda351f
SERVER_TRAFFIC_SECRET_0 be109476e328188acc645883126e338e9988584b61c4806cd94b837d339496a1 3fd03158b5d7a898590934d813879d49c75271eacc6cdbaff005058262ff94117e2f83c8cee61f7178d037020e0c6363
CLIENT_HANDSHAKE_TRAFFIC_SECRET be109476e328188acc645883126e338e9988584b61c4806cd94b837d339496a1 048a3adbd8bb59d34a3969e417a747bfd20ad16ad8c9f1c188d4ed69e330417ad6420e9e69b275dc1e752291939f5812
CLIENT_TRAFFIC_SECRET_0 be109476e328188acc645883126e338e9988584b61c4806cd94b837d339496a1 15ae648482f38271b2290691793203178f6339c7457e88d09cfcad01da72bc3a75985b36fcc87731a104cc4858d37e25
# TLS secrets log file, generated by OpenSSL / Python
SERVER_HANDSHAKE_TRAFFIC_SECRET 4d8a907b8fdefe5404593209916294801081bc1b832dbce7d735cde6cae8264e 8c0cb64054bd2bb96d9920329ad49bd23c6d2867cbb613f2830b1dfeea5e1917c9d64ac52d13a1246f324faaa92b44de
EXPORTER_SECRET 4d8a907b8fdefe5404593209916294801081bc1b832dbce7d735cde6cae8264e 823009b96961a638be9c512c441e7b9edf3daa562e36c820d6a0f08f29f151a574a0c062a5aa242343f72d5f3d033988
SERVER_TRAFFIC_SECRET_0 4d8a907b8fdefe5404593209916294801081bc1b832dbce7d735cde6cae8264e 4bf786e81ab5c9b66bc8c4ec27391755e31fb29c02e17cda3b02113245c842b1d0c3e2bbb99955e4dd8eed933abc332a
CLIENT_HANDSHAKE_TRAFFIC_SECRET 4d8a907b8fdefe5404593209916294801081bc1b832dbce7d735cde6cae8264e 14c77aaad016e23f015060ca3113b2fb4c71e79bfae1ca60c97883f72f4dac6460c59584c9116b1b4945a40c796fd41b
CLIENT_TRAFFIC_SECRET_0 4d8a907b8fdefe5404593209916294801081bc1b832dbce7d735cde6cae8264e a1597f8e76272b79f6d126cc9422ca0da9eee238d5035e908b25caa48ba33bbf43707a0423070516527e3587a6791d04
# TLS secrets log file, generated by OpenSSL / Python
SERVER_HANDSHAKE_TRAFFIC_SECRET 4243c33a477af7c4bf24da5405e5f1343c939ecbfe9119e0a55bb00ee13384d5 43a3a5abb074fb5ab75a64c8ba9a0efeeedddfc04056c5794d01d1ff47109d53ab61cfb8a8dfd28c3a271071563fd962
EXPORTER_SECRET 4243c33a477af7c4bf24da5405e5f1343c939ecbfe9119e0a55bb00ee13384d5 1f97a8d40fad5af11c554a7a2b11314764a529c4b0e58101e08d65bb44f45ab38792db8b27e329ce729ec71058e0fbd5
SERVER_TRAFFIC_SECRET_0 4243c33a477af7c4bf24da5405e5f1343c939ecbfe9119e0a55bb00ee13384d5 c67de8499395ce7cbba9cb1efeaa09ccdf1a6c23456668228bfb4f1aff768b6aecd4d94fed137408c96dd1de96d9319c
CLIENT_HANDSHAKE_TRAFFIC_SECRET 4243c33a477af7c4bf24da5405e5f1343c939ecbfe9119e0a55bb00ee13384d5 9e6dcc2251d682e2f25a45a5f3dbdb8a731eb2c5d53617fb5d021c5e2edebe44dfe990f0ca6b4080acaff705c8f21aad
CLIENT_TRAFFIC_SECRET_0 4243c33a477af7c4bf24da5405e5f1343c939ecbfe9119e0a55bb00ee13384d5 6725e925a77b545988f5292f1e0e2ac9cba5121dc3fa195e328a585b68129a26d5c60f163db4979eebe15334401e6e51
# TLS secrets log file, generated by OpenSSL / Python
# TLS secrets log file, generated by OpenSSL / Python
SERVER_HANDSHAKE_TRAFFIC_SECRET afb063e62f9ccfb4dc7b0935b6534f4f4936f2ba92ff1adc4dec1ba64b0bd8f9 3303c0439bad81ea73d98863efc92383c193948c47da2bb9485c998d34c6b699c0a0731946f02c8ea5b80d7de7f55cff
EXPORTER_SECRET afb063e62f9ccfb4dc7b0935b6534f4f4936f2ba92ff1adc4dec1ba64b0bd8f9 4a64fc505fd6ff100fb0f8e7f0def88d2b8d7a962af5191b4a65203d3cf162cb1df06fea27a5ff0925bb7371a9c01121
SERVER_TRAFFIC_SECRET_0 afb063e62f9ccfb4dc7b0935b6534f4f4936f2ba92ff1adc4dec1ba64b0bd8f9 4433e7fb9de68540bf2eea0afca6830ba567a35094c6961baee4dacdfe96ee40502c91e8458b96d4f1d7bba5d5133430
CLIENT_HANDSHAKE_TRAFFIC_SECRET afb063e62f9ccfb4dc7b0935b6534f4f4936f2ba92ff1adc4dec1ba64b0bd8f9 c69c6b843676644ecf41bfa071c91539ba88060e85436114cd600b112de1978c862c04d2ec498e46007de9a8125902aa
CLIENT_TRAFFIC_SECRET_0 afb063e62f9ccfb4dc7b0935b6534f4f4936f2ba92ff1adc4dec1ba64b0bd8f9 f1f63161d4de779f4d270964dab29a4560f736d4e36bc182932517443f2a2fcee56e04ae10ce79c13da6b7c0864b688e
# TLS secrets log file, generated by OpenSSL / Python
SERVER_HANDSHAKE_TRAFFIC_SECRET acd04377bcf67cc20787e69786e9385f325544374a0b6b46170bf1bc04d27536 fad40aa798bda5129e163f1a82ade5ea49d27a950186acc35d8ad58f01bea0a06a3293cf8441f1c3eb0aa79545394db2
EXPORTER_SECRET acd04377bcf67cc20787e69786e9385f325544374a0b6b46170bf1bc04d27536 91e08ee817974034e96f5f9263b29075a7d9d86a8f45c23a96185425ee7192fb3a98db58b2b622666043b734bc0cc5dd
SERVER_TRAFFIC_SECRET_0 acd04377bcf67cc20787e69786e9385f325544374a0b6b46170bf1bc04d27536 5aa979dbfa9489f8a0929c8c0213768c193b02b700319ab2a258e67d8fd6d9a4845e2f036b0207a3dd940ad6fef3e539
CLIENT_HANDSHAKE_TRAFFIC_SECRET acd04377bcf67cc20787e69786e9385f325544374a0b6b46170bf1bc04d27536 95b20954cb63f9e720bf303e52888923ed24ed7e2b06ee1d345836f28b29232984111075f750568f1509d68ca832719e
CLIENT_TRAFFIC_SECRET_0 acd04377bcf67cc20787e69786e9385f325544374a0b6b46170bf1bc04d27536 cc20745b0252f90e664d31256e63e12b5274b47d20e38c7dec7564ddd1e32b27e603df96e5a2bd09e6615162c16de43a
# TLS secrets log file, generated by OpenSSL / Python
SERVER_HANDSHAKE_TRAFFIC_SECRET 3ea1c1b0648fed12df50b083accd4344b75139507b928cc207c6e47b8c888909 4391d2180da91e1db53dc6927670939ec60f8f4854c1a97ac6522acd05483eeb1fd025c0c3f2c9bfdcf3eae0b103418a
EXPORTER_SECRET 3ea1c1b0648fed12df50b083accd4344b75139507b928cc207c6e47b8c888909 5bfaac48a67198d83c50deb3a2c8495a663af5a0f7584ef57c462d0b89597e5c6a35b05d08388e810b26682c4ac9ce54
SERVER_TRAFFIC_SECRET_0 3ea1c1b0648fed12df50b083accd4344b75139507b928cc207c6e47b8c888909 e99b5a39db609a1783d754efd28a4be6dadac5ecb7e7a1c89266a929d17c8213f4e392e48864b5b5af806aa9395bbbf3
CLIENT_HANDSHAKE_TRAFFIC_SECRET 3ea1c1b0648fed12df50b083accd4344b75139507b928cc207c6e47b8c888909 31aec9ef67134e0257cf0f32b2096960fc3a2ea4ceaafa5ba21c2ff25c7b510462051d4d340d7b73658e37e5aedd524e
CLIENT_TRAFFIC_SECRET_0 3ea1c1b0648fed12df50b083accd4344b75139507b928cc207c6e47b8c888909 9bfbf59f6cf79ff5dfa09fe2cb24213d2fe70af5eb12febc8e2e087212089b7aaae2f008138f128b81bb0d1738b55e6b
# TLS secrets log file, generated by OpenSSL / Python
SERVER_HANDSHAKE_TRAFFIC_SECRET 5c7f4265ab6b57988a018111d91ec7ece345e5a20ad9e11f028bafa06cf6b7c6 b50a072adec3278954113a99f1fac94ea7465979889d3c14dcf578eba02cd4d28fc35f6657bc80302295858ea094b844
EXPORTER_SECRET 5c7f4265ab6b57988a018111d91ec7ece345e5a20ad9e11f028bafa06cf6b7c6 a9a2d187fef62ae5f8c7f830f5f4e91f3879840a3f6aeb85ebc57fdd7b1d9620e6bedd48ba54affefd5fe60a10b341de
SERVER_TRAFFIC_SECRET_0 5c7f4265ab6b57988a018111d91ec7ece345e5a20ad9e11f028bafa06cf6b7c6 6ff7e384327d6335e1238583543527dfa18b999062ff280269704679dce010f873055ef42dbd9fdaccf0619ce7fb6a36
CLIENT_HANDSHAKE_TRAFFIC_SECRET 5c7f4265ab6b57988a018111d91ec7ece345e5a20ad9e11f028bafa06cf6b7c6 eb903069beb6f6dbef8582e32b3fd9a6dc91fd73737e407be785ca0603f5bfc93ca4e898d372f31c06730bca92785b92
CLIENT_TRAFFIC_SECRET_0 5c7f4265ab6b57988a018111d91ec7ece345e5a20ad9e11f028bafa06cf6b7c6 e88f573c320498196d3458fe0a53417d107147f48abd30ef6edd13629eeb8dbf0afbc29c359f43cc00fe49dd0b80eed7
# TLS secrets log file, generated by OpenSSL / Python
SERVER_HANDSHAKE_TRAFFIC_SECRET e5c8b29b4bebda795fbfb70484595fca27a786ddd49250e8c8a39798c5f4ff68 6f5d315dd89824b9b2d60a897b88e7860adc5e77c04d25aecd449ce11df2b18158cef858553866dbd7a5292edbdd7409
EXPORTER_SECRET e5c8b29b4bebda795fbfb70484595fca27a786ddd49250e8c8a39798c5f4ff68 bd22c3059009681e58e27654b897d1c8a505ad145ddfd062641bda1a22e4d04329365e39f1613f0d998769b593101179
SERVER_TRAFFIC_SECRET_0 e5c8b29b4bebda795fbfb70484595fca27a786ddd49250e8c8a39798c5f4ff68 be969340b16abb380fe018f7a16b4b4d3d7fb258f286ee5b89a8cb6581aba29793a7629c7bc6d03d311074b892b969fb
CLIENT_HANDSHAKE_TRAFFIC_SECRET e5c8b29b4bebda795fbfb70484595fca27a786ddd49250e8c8a39798c5f4ff68 b0bf3e53129260b5593969a3a500b31b179b2561135379ce215cd909ad0cc88ba32a49a9f58d67ceaeccf315a0e8cc71
CLIENT_TRAFFIC_SECRET_0 e5c8b29b4bebda795fbfb70484595fca27a786ddd49250e8c8a39798c5f4ff68 88be33626dc89d4e3f1a9f11cab4f40e2d902be39a166dbce429bed92962d86d17a1e4f21b0dd06d4c77c699c2eb7403
# TLS secrets log file, generated by OpenSSL / Python
SERVER_HANDSHAKE_TRAFFIC_SECRET 5b2f8299401ab7908b76d67a12eeb39d111509982382fde269d146f15e065f16 52ed7a2e88da67bfc0af3abf1b765a3e461a827be9138f801ed6b73b77cbb60e0b11bb8c94585f12a646d9bd573f2043
EXPORTER_SECRET 5b2f8299401ab7908b76d67a12eeb39d111509982382fde269d146f15e065f16 8e8ffb37ad01483ccd3da9e9ad0fc8e3d83b0934f71bf2acae35db6ef849cd64b0dd98373fab504ff27eda5b13bbd5d9
SERVER_TRAFFIC_SECRET_0 5b2f8299401ab7908b76d67a12eeb39d111509982382fde269d146f15e065f16 cbd530e2b9a6d03cb7f74eb9817f8cd03645e129cfa8f15aa35bb1a71d3f090c99a8e38ac818265971053d78c7ffe30d
CLIENT_HANDSHAKE_TRAFFIC_SECRET 5b2f8299401ab7908b76d67a12eeb39d111509982382fde269d146f15e065f16 41ffa32f4a829cb51589f9132c720c97971d40ee3a5586c00b632d0b2ce74ca6debd2382e49daff54675bb99af4f51f8
CLIENT_TRAFFIC_SECRET_0 5b2f8299401ab7908b76d67a12eeb39d111509982382fde269d146f15e065f16 f87a5f0e8ac1bf1e38f73eab4ccf355cf2c09909814b92c1b7e179cfe7ce677cfc38f6020ea10e6ca181cbdbd92d22d5
# TLS secrets log file, generated by OpenSSL / Python
SERVER_HANDSHAKE_TRAFFIC_SECRET 387454decef216369a10b26dd6661cf3abe9a84e127fd2a9751741577fb5ea4f bcc4bc507d05fcda9756d3ca4fee7d43d548a2bc83d55204461e2fc31b7fbbd0394370376ba456553dae8ef380692168
EXPORTER_SECRET 387454decef216369a10b26dd6661cf3abe9a84e127fd2a9751741577fb5ea4f 2bebf328b4b63bdfe5f2b34390ef6dc2a76c169e22f3614cbeccbf54afd9725147516ddf7bf35a0755564b4d81825e42
SERVER_TRAFFIC_SECRET_0 387454decef216369a10b26dd6661cf3abe9a84e127fd2a9751741577fb5ea4f 7af585d2954052dad2a23b29bf8eb7ab51b2400cf5cdd36f41e73275fcc3af87fedfc89f6a88858fee25554df1f6004f
CLIENT_HANDSHAKE_TRAFFIC_SECRET 387454decef216369a10b26dd6661cf3abe9a84e127fd2a9751741577fb5ea4f 8935067557d5e2b85d9157b1d016e44b323d8f62488553a68877d711c6b3ff551a46add06d70ac434f9b6593a61c7b8a
CLIENT_TRAFFIC_SECRET_0 387454decef216369a10b26dd6661cf3abe9a84e127fd2a9751741577fb5ea4f 923772f164e8acfc8581cbe474b34723c4bd439482b4e8d50af4fc5cb26f121b67cd5c85d5e4b3221ad65baa4880e0c0
# TLS secrets log file, generated by OpenSSL / Python
SERVER_HANDSHAKE_TRAFFIC_SECRET 6867ea8c467f3ebfad9f6b7f4eb0075b904ed444bd66595141d9177c5776effb c7cca587a11931c08fe954a760cce36f57bc4faac1d0044735f2d34cca730418faef04bfb9e5ad46efb6aed7a1693e2f
EXPORTER_SECRET 6867ea8c467f3ebfad9f6b7f4eb0075b904ed444bd66595141d9177c5776effb d405f8cbfdb9410299858d2bfaf6ae2858c87438df0050db1909093ce09bb2c3f68f5dba7cabcb2d17c2c231780a3979
SERVER_TRAFFIC_SECRET_0 6867ea8c467f3ebfad9f6b7f4eb0075b904ed444bd66595141d9177c5776effb cf989d7abb2dd028c0f2ffa4da0cc76b29b4e4e54ae738b3f208da50556bb27193041905a2233e3f82dd5a1d2ee94231
CLIENT_HANDSHAKE_TRAFFIC_SECRET 6867ea8c467f3ebfad9f6b7f4eb0075b904ed444bd66595141d9177c5776effb 33ec2514cb074ad11b71d2a6ead8e4324a2ff6cec348c0371fb7b6b67877d1f6fa29554110ffa43190eea47ad76d1966
CLIENT_TRAFFIC_SECRET_0 6867ea8c467f3ebfad9f6b7f4eb0075b904ed444bd66595141d9177c5776effb cd730c212861ce38feb3f671b319220b986a9ff5434c6d0b5cca663b1ed3c0226a642c8e35e04f056ccae843e4e9a798
# TLS secrets log file, generated by OpenSSL / Python
SERVER_HANDSHAKE_TRAFFIC_SECRET 9aae139ed53e4c3d300f02989fde4d605e9b858ff9ba01faad6c693deb2867d8 2a1984245ba024cff2c06af48b3deb5354968579e095842dd53456aad8ae81f9d3cc84ac6e5bb891c2e1855788fe8902
EXPORTER_SECRET 9aae139ed53e4c3d300f02989fde4d605e9b858ff9ba01faad6c693deb2867d8 6888a6cb87492db98a725134eeaaed72b1f46f926de1ffe9ba513a960bdf387580ad12cf699d76cf2940b7fc7701dff1
SERVER_TRAFFIC_SECRET_0 9aae139ed53e4c3d300f02989fde4d605e9b858ff9ba01faad6c693deb2867d8 f04461b65b3566a68c7639bf9e4416ba78095dd345dfd9aaef2d6b74d91ae07b57adcc85633fa34bdbeb603264623c21
CLIENT_HANDSHAKE_TRAFFIC_SECRET 9aae139ed53e4c3d300f02989fde4d605e9b858ff9ba01faad6c693deb2867d8 5e81ce3f8229f0728ee98345bd38be20084f22eac4cbe02c3d5bd240d4daa7a0df6d5b7e705866548e7a615ddf739ab9
CLIENT_TRAFFIC_SECRET_0 9aae139ed53e4c3d300f02989fde4d605e9b858ff9ba01faad6c693deb2867d8 671588267b21abb310ceba0ce542f515b485434897818a2919b1ef1d8ad64326fc0b96c34c1b55f31537f77b2ba6d82a
# TLS secrets log file, generated by OpenSSL / Python
SERVER_HANDSHAKE_TRAFFIC_SECRET 1aae1fa6c868896ae21d6b56d764c06e9df27cf96ab03eea7cc5cdc3a1e1a1ea 116eb6cb91726670f02bac3daa62df98a5633bc495b968fc939273ef50d5ce0714fafb798c24ff2108d7d189529fdd68
EXPORTER_SECRET 1aae1fa6c868896ae21d6b56d764c06e9df27cf96ab03eea7cc5cdc3a1e1a1ea 54ebf75feadc6101dcaad19f4819f14ba401bfca16cfa01d9ca98a05397a808cd572e40939d9dbdd5f5b3d1975792bb1
SERVER_TRAFFIC_SECRET_0 1aae1fa6c868896ae21d6b56d764c06e9df27cf96ab03eea7cc5cdc3a1e1a1ea a852f865aeab49c77ea899cef51a97a79f332e91c6fa667ccd42a7f2368a624bce0fe5be0441603a32fc99a0e4dc80b2
CLIENT_HANDSHAKE_TRAFFIC_SECRET 1aae1fa6c868896ae21d6b56d764c06e9df27cf96ab03eea7cc5cdc3a1e1a1ea 5c5054846dcb3b70a0be199f553136b8b3c33015c20c5b02cbed36bbe233ba2c65be52a5e27ca0b37d5eb164b5809903
CLIENT_TRAFFIC_SECRET_0 1aae1fa6c868896ae21d6b56d764c06e9df27cf96ab03eea7cc5cdc3a1e1a1ea 4d95fb0e6bee2781d66bfbd0b6bc9b8e5966ab9d587f7d8152ae832bfae9fe86742f052817a7f03a93ac857a858adb3c
# TLS secrets log file, generated by OpenSSL / Python
SERVER_HANDSHAKE_TRAFFIC_SECRET b29740f4a5114410b932bbc5a54935dabc195f6c8f89acce37d09e35b08c4c3d 328b1d5fc1bafa7feeeca68dfdd17207941377c97a8dd9ba15bd074d73fac394d67274e8c621d384cacd227825462668
EXPORTER_SECRET b29740f4a5114410b932bbc5a54935dabc195f6c8f89acce37d09e35b08c4c3d 8e45d41f5f39d97ad6ea93fb3cfa8b6fa55a8d9b93905d7d397b37472e4181e199816f060acd594ae6d5bbd603c1f14b
SERVER_TRAFFIC_SECRET_0 b29740f4a5114410b932bbc5a54935dabc195f6c8f89acce37d09e35b08c4c3d ec25b9a7156fd350c263f2f6e8f833d5fe77dee6c05eeac2b5bdb00ec4732ba63d8a87abf7672c8066749586490eb5d0
CLIENT_HANDSHAKE_TRAFFIC_SECRET b29740f4a5114410b932bbc5a54935dabc195f6c8f89acce37d09e35b08c4c3d e025e1d528c54ca6951bc53f73f6cba885cedb97ed995f1c58b1c408a2783cc927de87e9a182de5bac38dbe9a62020ce
CLIENT_TRAFFIC_SECRET_0 b29740f4a5114410b932bbc5a54935dabc195f6c8f89acce37d09e35b08c4c3d 66e4ff06aaca8ce8de5e7ab60b03f81dd1afcaa09fb810634576e8cd1c3638471aa484c5c50a97d180cd0ca3e8db731c
# TLS secrets log file, generated by OpenSSL / Python
SERVER_HANDSHAKE_TRAFFIC_SECRET b9f675db93909a5995deb328a67d0e0e5fe16b5c41742f080abbd314026e141a 904f2567cbf77d05dde341e82c0f8b939c593a239d46c0cb9054d684202df716e96f7941554ef4f30e274f90a4bf9331
EXPORTER_SECRET b9f675db93909a5995deb328a67d0e0e5fe16b5c41742f080abbd314026e141a 470f13661b50338cb19d7ad995e911b86565d179c44a5a1d6183c2b01a7092d9fd740a308f1d680be1b91effc9862a23
SERVER_TRAFFIC_SECRET_0 b9f675db93909a5995deb328a67d0e0e5fe16b5c41742f080abbd314026e141a 05198f41c383497a4b5e55828688886739b245d9c576971da3e254610fd087bb77af5f2d761504770e22133f553f07d6
CLIENT_HANDSHAKE_TRAFFIC_SECRET b9f675db93909a5995deb328a67d0e0e5fe16b5c41742f080abbd314026e141a 144074b95b0b3bb3042635d98e7d5fa7474935fead5c8c8c05f3a9ece554f9356d1811989fbbaaed0dd9ebfbc91a14fd
CLIENT_TRAFFIC_SECRET_0 b9f675db93909a5995deb328a67d0e0e5fe16b5c41742f080abbd314026e141a 4d1715a1ae8f1c2307ccd9d13b3c0ee641b553c426b3979b357d273b53a0f9e678053e96372b04083d61ff6b2ccdf7b9
# TLS secrets log file, generated by OpenSSL / Python
SERVER_HANDSHAKE_TRAFFIC_SECRET d61c2e0e2d4172c714277807b18d705f629fff427bb661fdf2f8c18567668e4d a15c2b4eb4883232147894ca3dd39157fbbb3b720bbedfabdf1514fc7364951bacd833f1cd5e35cfc12915b194e98804
EXPORTER_SECRET d61c2e0e2d4172c714277807b18d705f629fff427bb661fdf2f8c18567668e4d 2a3c8ea423b418d00893c90165085d76e345223d97f66a8cdc8e36d315347bb2093d3da0b66e7442ffdff5a6c33978c2
SERVER_TRAFFIC_SECRET_0 d61c2e0e2d4172c714277807b18d705f629fff427bb661fdf2f8c18567668e4d 37f21f1556a38244c70c55b0d777d7df1b02ac190ab1e007598f8cb734a46c81ca48d75fb1f842850330f7b4338a85f5
CLIENT_HANDSHAKE_TRAFFIC_SECRET d61c2e0e2d4172c714277807b18d705f629fff427bb661fdf2f8c18567668e4d 1829f0126efc2adf22ef1bf37641099de37fc8048650b6c287866f1ec75f862d846e876ad3417da509e4a71d5e64eed1
CLIENT_TRAFFIC_SECRET_0 d61c2e0e2d4172c714277807b18d705f629fff427bb661fdf2f8c18567668e4d b69fbe1b8b62d15a4a286fe7f2952af0833a3fcf3a63d5d22e48882276e07f384ae1a4761eb96e23f6c43a245a43fc0f
# TLS secrets log file, generated by OpenSSL / Python
SERVER_HANDSHAKE_TRAFFIC_SECRET 2663bc078fcb1dc9600d62bf18e8c1c8d1b065564078715cb18cf4870aede49d 650013e9d7708a9badb73e970435ad49ee0055e3471fab17a192158f9dd4c2dcd06572415cf820dd8018686260cc1b83
EXPORTER_SECRET 2663bc078fcb1dc9600d62bf18e8c1c8d1b065564078715cb18cf4870aede49d 2752d7cc3f5ce66bc17fcae93cd560c0c0a91b02569ffffc462429c0f8ad333785d80feaa91deedc3edd6ac40f8f78c7
SERVER_TRAFFIC_SECRET_0 2663bc078fcb1dc9600d62bf18e8c1c8d1b065564078715cb18cf4870aede49d 9bf89637dd7f752f9f801defe7952cb3006931b81ca6ea911108963f670579cf63519320d0a96f1ef624284e7d2e1722
CLIENT_HANDSHAKE_TRAFFIC_SECRET 2663bc078fcb1dc9600d62bf18e8c1c8d1b065564078715cb18cf4870aede49d 8cc939c7774e0ef2998bb5f0b8f74f4d93d38a0f3abaeb15ddafc12696c5915ebcae922e6731c462b33d444ba2836f9d
CLIENT_TRAFFIC_SECRET_0 2663bc078fcb1dc9600d62bf18e8c1c8d1b065564078715cb18cf4870aede49d d16ecb53bd5eb9089ab05e58f1447599310562550a827af527fa94a846155870aa072861d0ff1d73c5d0445c1a29211d
# TLS secrets log file, generated by OpenSSL / Python
SERVER_HANDSHAKE_TRAFFIC_SECRET 42a176eb0b9b1d416ab67f28c54dba1831aa92cb6f0e9ab57569e248b14caf7a a3fc27e7c92a8ae397323634e31970b171688f5b282cdcbcfc0afeb7385b5d7662357e61bf48ce66da14ad45c02e5d39
EXPORTER_SECRET 42a176eb0b9b1d416ab67f28c54dba1831aa92cb6f0e9ab57569e248b14caf7a 5480a727b7e3aa2fb10719a73b63584c1e7514100d0066e5b7bd5c7341976a41fda226ea4208e03b6066fba0bad0dbf0
SERVER_TRAFFIC_SECRET_0 42a176eb0b9b1d416ab67f28c54dba1831aa92cb6f0e9ab57569e248b14caf7a 17a11defc123ad81f76e02c5d053787a9d2d0fb3f7e065792beea323c08ad2df8cb1ba1f5f0ed32aac3ba425380ef66b
CLIENT_HANDSHAKE_TRAFFIC_SECRET 42a176eb0b9b1d416ab67f28c54dba1831aa92cb6f0e9ab57569e248b14caf7a 5f77ac25c5727401fd189c81ee912e36313e029e3a8939a273fa9b733d939c8d6e90cf747c62333d06007e2695e6a433
CLIENT_TRAFFIC_SECRET_0 42a176eb0b9b1d416ab67f28c54dba1831aa92cb6f0e9ab57569e248b14caf7a 0cb5876a6b20c4d6efec9d6c73ee6954a8ead6d6b7f8ea8cf1dab456816da2106a7f1f21aa2a245a0ef87e0bc0249a10
# TLS secrets log file, generated by OpenSSL / Python
SERVER_HANDSHAKE_TRAFFIC_SECRET eed1414a71cd597f92d3200d57061319505b3f3e08de46b1348029609f69fe7e daccde0929a6ddf10915094ee1c06b819b859e0ef16ac753770464032f2cae7e36bbbc2b1c8bb6032a55b17a18bcbc82
EXPORTER_SECRET eed1414a71cd597f92d3200d57061319505b3f3e08de46b1348029609f69fe7e a7346569f071978770472db97ddff2dc49e6a612cfa6f81c9045f4fb3e7203f587193b5b8ee9b829abfa291d9fa3c8c5
SERVER_TRAFFIC_SECRET_0 eed1414a71cd597f92d3200d57061319505b3f3e08de46b1348029609f69fe7e 0c7cedfb652292e7e59db377a359ba2526c84342d41402515a030d83c15ea34f5d17c2d0788a558d2de4dc2629d005d9
CLIENT_HANDSHAKE_TRAFFIC_SECRET eed1414a71cd597f92d3200d57061319505b3f3e08de46b1348029609f69fe7e dcbe314b7df5f06907ccacb06be95ce081feae42f14ff8f0145dba60da48ddbe62ed840a16699337a001e5edfdaec738
CLIENT_TRAFFIC_SECRET_0 eed1414a71cd597f92d3200d57061319505b3f3e08de46b1348029609f69fe7e 8c3d19b2ff4ab13ecd0988b0599f6e903270dd154d59b91e6157adee988f5145875b7eede1be51770d08492a19b5d6ae
# TLS secrets log file, generated by OpenSSL / Python
SERVER_HANDSHAKE_TRAFFIC_SECRET 1c9321000d0ea998561e574599229d0d0c49644ddfc24841da0dde3482717a3d 65cc75d5373ff5a454affea54ab1963ed3cd1facd0304a515064b018cfd7d38809019ca418aba76e36540cbe5073c691
EXPORTER_SECRET 1c9321000d0ea998561e574599229d0d0c49644ddfc24841da0dde3482717a3d 858c2a9dde4a06a62d615db3d5b3fdd9abe76c5a053886821ad9219f745cf4502429b5df138abdcdac82eed4f60d1b77
SERVER_TRAFFIC_SECRET_0 1c9321000d0ea998561e574599229d0d0c49644ddfc24841da0dde3482717a3d 5c612fb0124cf568a8af359b26b35b4df525b3490113e04749e858f8914caddd49ad9043180fa1cf012b711dc77b49f0
CLIENT_HANDSHAKE_TRAFFIC_SECRET 1c9321000d0ea998561e574599229d0d0c49644ddfc24841da0dde3482717a3d 8fccf18c786f4ee343ecfbbb30c9e666e8c93f58649c43d8e535707881e78332dea32671b54d7fe58d3e5b409463e952
CLIENT_TRAFFIC_SECRET_0 1c9321000d0ea998561e574599229d0d0c49644ddfc24841da0dde3482717a3d f8304dddcd1f23ddb456c27321720376b040cd567d1604b07c095dab511386821548aa4cb8012b8ea8da3782aec2b097
# TLS secrets log file, generated by OpenSSL / Python
SERVER_HANDSHAKE_TRAFFIC_SECRET 26a20c9b0cfecb815e30f58a72ef40fcf80e91c9653162643e5672ddb9b55d56 ab3097c2769dab211d56b74adbe7bc5e1c609f09f5d882d5184597d6be504a91c6eef268a88b659893117235ea20db1a
EXPORTER_SECRET 26a20c9b0cfecb815e30f58a72ef40fcf80e91c9653162643e5672ddb9b55d56 fa6d0172fc45aa760cbdeb5e45363195111d40ef469f48df36b180f60ca33c3f7a8aa66306d440da6a78060838fe6442
SERVER_TRAFFIC_SECRET_0 26a20c9b0cfecb815e30f58a72ef40fcf80e91c9653162643e5672ddb9b55d56 b132953d75b47e00c36787d3d233575ead2b979e1140a1192ee84f94843a8bc99a57b7005b10c344f0fb649616af4717
CLIENT_HANDSHAKE_TRAFFIC_SECRET 26a20c9b0cfecb815e30f58a72ef40fcf80e91c9653162643e5672ddb9b55d56 dc0273a1d3981568552f349577539286ef279d7544f7b4547fb1249d937769c7579d93a3d4b6204a898e11d8ea69f392
CLIENT_TRAFFIC_SECRET_0 26a20c9b0cfecb815e30f58a72ef40fcf80e91c9653162643e5672ddb9b55d56 1e3206ac6dbbb48b5036595de2822e5f6a7cf63a5b0c2b71b4912ceae2c49f16a96c555c04c16c3f549c05fa8c92f763
# TLS secrets log file, generated by OpenSSL / Python
SERVER_HANDSHAKE_TRAFFIC_SECRET 0c650030581b256eca77a2aa96f5368a191e9916de7100d057ed426c50800463 50579852ba0d8bcdaf4c9a8de749d83d1dfa122599bbffa44ef1e7df8e4c19290c91327afac4e31b6b78b6117306dc6c
EXPORTER_SECRET 0c650030581b256eca77a2aa96f5368a191e9916de7100d057ed426c50800463 caadf813201c52e23fb8c145c3953172d9864818522ff4a04a98257a71c73ba23e5c00abbdbd18b037c525d5c81614a7
SERVER_TRAFFIC_SECRET_0 0c650030581b256eca77a2aa96f5368a191e9916de7100d057ed426c50800463 08c2793ba6356061fb6011af684131a6343a7c67ca946aef6df617d960f16b23eec1e9f3549f2f01821bc948e28b4692
CLIENT_HANDSHAKE_TRAFFIC_SECRET 0c650030581b256eca77a2aa96f5368a191e9916de7100d057ed426c50800463 1429e61e4eb8a825663731443dc94a90110130b6b81604d7e4884b1c15fb3074aad6d6ac0e0db8b0b94644ae711c0bbf
CLIENT_TRAFFIC_SECRET_0 0c650030581b256eca77a2aa96f5368a191e9916de7100d057ed426c50800463 53dee9ae732fff5b44acb28e7e9ae1360a499bbf6ca0ed41973330e29f198ad0b917d6c5088c250122aff8bbbf8fb347
# TLS secrets log file, generated by OpenSSL / Python
SERVER_HANDSHAKE_TRAFFIC_SECRET a112a7fb64567455baf554513fdb626a40df9a153db1ce791c684c82ff688f08 494a37e6fd9dabaf980f6ebb7a63d64c8cf97219d1a8358d8d45c68703a70ca3a22dcf7620cd90df2d4832fc193183c0
EXPORTER_SECRET a112a7fb64567455baf554513fdb626a40df9a153db1ce791c684c82ff688f08 b414d601c70faaa3b031d87cc827a917e0f2a8e9f5f798219b713133f066ff95af234d7ae4bc0bff13e0bbb67ece65e4
SERVER_TRAFFIC_SECRET_0 a112a7fb64567455baf554513fdb626a40df9a153db1ce791c684c82ff688f08 3e1c24bb264265e303172eed91fdd47db3eae669243e228629e272fe7d923be96d2a1decd69d8c358f38b7a644be6612
CLIENT_HANDSHAKE_TRAFFIC_SECRET a112a7fb64567455baf554513fdb626a40df9a153db1ce791c684c82ff688f08 a9b36b3d0a8cb9595d6c386fa2cbf1a77a8849cc2d19ad83a64c393df45dc79fdb343c538bb082d8ff34f64a851ff1ee
CLIENT_TRAFFIC_SECRET_0 a112a7fb64567455baf554513fdb626a40df9a153db1ce791c684c82ff688f08 09b151415e7c580d91ee7540165e89a02b153f3cfef2848c598868c7e883cd091fb21f525db7cb95fddd56b3a1cdea28
